[debug] [2023-09-06T18:14:08.459Z] ----------------------------------------------------------------------
[debug] [2023-09-06T18:14:08.461Z] Command:       C:\Program Files\nodejs\node.exe C:\Users\nicol\AppData\Roaming\npm\node_modules\firebase-tools\lib\bin\firebase.js init
[debug] [2023-09-06T18:14:08.461Z] CLI Version:   12.5.2
[debug] [2023-09-06T18:14:08.462Z] Platform:      win32
[debug] [2023-09-06T18:14:08.462Z] Node Version:  v18.17.1
[debug] [2023-09-06T18:14:08.462Z] Time:          Wed Sep 06 2023 14:14:08 GMT-0400 (hora de verano oriental)
[debug] [2023-09-06T18:14:08.462Z] ----------------------------------------------------------------------
[debug] 
[debug] [2023-09-06T18:14:08.470Z] > command requires scopes: ["email","openid","https://www.googleapis.com/auth/cloudplatformprojects.readonly","https://www.googleapis.com/auth/firebase","https://www.googleapis.com/auth/cloud-platform"]
[debug] [2023-09-06T18:14:08.470Z] > authorizing via signed-in user (nicolas071397@gmail.com)
[info] 
     ######## #### ########  ######## ########     ###     ######  ########
     ##        ##  ##     ## ##       ##     ##  ##   ##  ##       ##
     ######    ##  ########  ######   ########  #########  ######  ######
     ##        ##  ##    ##  ##       ##     ## ##     ##       ## ##
     ##       #### ##     ## ######## ########  ##     ##  ######  ########

You're about to initialize a Firebase project in this directory:

  C:\Users\nicol\OneDrive\Escritorio\app_lesiones_yolo_v3

[info] 
=== Project Setup
[info] 
[info] First, let's associate this project directory with a Firebase project.
[info] You can create multiple project aliases by running firebase use --add, 
[info] but for now we'll just set up a default project.
[info] 
[debug] [2023-09-06T18:14:20.536Z] >>> [apiv2][query] GET https://firebase.googleapis.com/v1beta1/projects pageSize=100
[debug] [2023-09-06T18:14:20.995Z] <<< [apiv2][status] GET https://firebase.googleapis.com/v1beta1/projects 200
[debug] [2023-09-06T18:14:20.995Z] <<< [apiv2][body] GET https://firebase.googleapis.com/v1beta1/projects [omitted]
[info] i  Using project segmentation-wound-yolov5-sam (segmentation-wound-Yolov5-SAM) 
[info] 
=== Hosting Setup
[info] 
[info] Your public directory is the folder (relative to your project directory) that
[info] will contain Hosting assets to be uploaded with firebase deploy. If you
[info] have a build process for your assets, use your build's output directory.
[info] 
